# JRE version: Java(TM) SE Runtime Environment (8.0_66-b17) (build 1.8.0_66-b17)
# Java VM: Java HotSpot(TM) 64-Bit Server VM (25.66-b17 mixed mode linux-amd64 compressed oops)
Heap:
 PSYoungGen      total 114176K, used 28999K [0x00000000f5580000, 0x00000000ff280000, 0x0000000100000000)
  eden space 71680K, 40% used [0x00000000f5580000,0x00000000f71d1e38,0x00000000f9b80000)
  from space 42496K, 0% used [0x00000000f9b80000,0x00000000f9b80000,0x00000000fc500000)
  to   space 40448K, 0% used [0x00000000fcb00000,0x00000000fcb00000,0x00000000ff280000)
 ParOldGen       total 144896K, used 100965K [0x00000000e0000000, 0x00000000e8d80000, 0x00000000f5580000)
  object space 144896K, 69% used [0x00000000e0000000,0x00000000e62995b0,0x00000000e8d80000)
 Metaspace       used 114611K, capacity 124436K, committed 125144K, reserved 1157120K
  class space    used 13781K, capacity 16669K, committed 16856K, reserved 1048576K
GC Heap History (10 events):
Event: 1830.055 GC heap before
{Heap before GC invocations=94 (full 33):
 PSYoungGen      total 114176K, used 6503K [0x00000000f5580000, 0x00000000ff480000, 0x0000000100000000)
  eden space 68608K, 9% used [0x00000000f5580000,0x00000000f5bd9dc0,0x00000000f9880000)
  from space 45568K, 0% used [0x00000000fc800000,0x00000000fc800000,0x00000000ff480000)
  to   space 47104K, 0% used [0x00000000f9880000,0x00000000f9880000,0x00000000fc680000)
 ParOldGen       total 144896K, used 93831K [0x00000000e0000000, 0x00000000e8d80000, 0x00000000f5580000)
  object space 144896K, 64% used [0x00000000e0000000,0x00000000e5ba1ca8,0x00000000e8d80000)
 Metaspace       used 113241K, capacity 122772K, committed 123352K, reserved 1157120K
  class space    used 13670K, capacity 16502K, committed 16600K, reserved 1048576K
Event: 1830.059 GC heap after
Heap after GC invocations=94 (full 33):
 PSYoungGen      total 69120K, used 480K [0x00000000f5580000, 0x00000000ff180000, 0x0000000100000000)
  eden space 68608K, 0% used [0x00000000f5580000,0x00000000f5580000,0x00000000f9880000)
  from space 512K, 93% used [0x00000000f9880000,0x00000000f98f8000,0x00000000f9900000)
  to   space 45568K, 0% used [0x00000000fc500000,0x00000000fc500000,0x00000000ff180000)
 ParOldGen       total 144896K, used 93831K [0x00000000e0000000, 0x00000000e8d80000, 0x00000000f5580000)
  object space 144896K, 64% used [0x00000000e0000000,0x00000000e5ba1ca8,0x00000000e8d80000)
 Metaspace       used 113241K, capacity 122772K, committed 123352K, reserved 1157120K
  class space    used 13670K, capacity 16502K, committed 16600K, reserved 1048576K
}
Event: 1830.059 GC heap before
{Heap before GC invocations=95 (full 34):
 PSYoungGen      total 69120K, used 480K [0x00000000f5580000, 0x00000000ff180000, 0x0000000100000000)
  eden space 68608K, 0% used [0x00000000f5580000,0x00000000f5580000,0x00000000f9880000)
  from space 512K, 93% used [0x00000000f9880000,0x00000000f98f8000,0x00000000f9900000)
  to   space 45568K, 0% used [0x00000000fc500000,0x00000000fc500000,0x00000000ff180000)
 ParOldGen       total 144896K, used 93831K [0x00000000e0000000, 0x00000000e8d80000, 0x00000000f5580000)
  object space 144896K, 64% used [0x00000000e0000000,0x00000000e5ba1ca8,0x00000000e8d80000)
 Metaspace       used 113241K, capacity 122772K, committed 123352K, reserved 1157120K
  class space    used 13670K, capacity 16502K, committed 16600K, reserved 1048576K
Event: 1830.326 GC heap after
Heap after GC invocations=95 (full 34):
 PSYoungGen      total 69120K, used 0K [0x00000000f5580000, 0x00000000ff180000, 0x0000000100000000)
  eden space 68608K, 0% used [0x00000000f5580000,0x00000000f5580000,0x00000000f9880000)
  from space 512K, 0% used [0x00000000f9880000,0x00000000f9880000,0x00000000f9900000)
  to   space 45568K, 0% used [0x00000000fc500000,0x00000000fc500000,0x00000000ff180000)
 ParOldGen       total 144896K, used 93997K [0x00000000e0000000, 0x00000000e8d80000, 0x00000000f5580000)
  object space 144896K, 64% used [0x00000000e0000000,0x00000000e5bcb640,0x00000000e8d80000)
 Metaspace       used 113241K, capacity 122772K, committed 123352K, reserved 1157120K
  class space    used 13670K, capacity 16502K, committed 16600K, reserved 1048576K
}
Event: 1868.445 GC heap before
{Heap before GC invocations=96 (full 34):
 PSYoungGen      total 69120K, used 68608K [0x00000000f5580000, 0x00000000ff180000, 0x0000000100000000)
  eden space 68608K, 100% used [0x00000000f5580000,0x00000000f9880000,0x00000000f9880000)
  from space 512K, 0% used [0x00000000f9880000,0x00000000f9880000,0x00000000f9900000)
  to   space 45568K, 0% used [0x00000000fc500000,0x00000000fc500000,0x00000000ff180000)
 ParOldGen       total 144896K, used 93997K [0x00000000e0000000, 0x00000000e8d80000, 0x00000000f5580000)
  object space 144896K, 64% used [0x00000000e0000000,0x00000000e5bcb640,0x00000000e8d80000)
 Metaspace       used 114018K, capacity 123900K, committed 124632K, reserved 1157120K
  class space    used 13748K, capacity 16665K, committed 16856K, reserved 1048576K
Event: 1868.460 GC heap after
Heap after GC invocations=96 (full 34):
 PSYoungGen      total 117248K, used 7350K [0x00000000f5580000, 0x00000000ff680000, 0x0000000100000000)
  eden space 71680K, 0% used [0x00000000f5580000,0x00000000f5580000,0x00000000f9b80000)
  from space 45568K, 16% used [0x00000000fc500000,0x00000000fcc2d820,0x00000000ff180000)
  to   space 42496K, 0% used [0x00000000f9b80000,0x00000000f9b80000,0x00000000fc500000)
 ParOldGen       total 144896K, used 94005K [0x00000000e0000000, 0x00000000e8d80000, 0x00000000f5580000)
  object space 144896K, 64% used [0x00000000e0000000,0x00000000e5bcd640,0x00000000e8d80000)
 Metaspace       used 114018K, capacity 123900K, committed 124632K, reserved 1157120K
  class space    used 13748K, capacity 16665K, committed 16856K, reserved 1048576K
}
Event: 1890.057 GC heap before
{Heap before GC invocations=97 (full 34):
 PSYoungGen      total 117248K, used 73020K [0x00000000f5580000, 0x00000000ff680000, 0x0000000100000000)
  eden space 71680K, 91% used [0x00000000f5580000,0x00000000f95a1bc0,0x00000000f9b80000)
  from space 45568K, 16% used [0x00000000fc500000,0x00000000fcc2d820,0x00000000ff180000)
  to   space 42496K, 0% used [0x00000000f9b80000,0x00000000f9b80000,0x00000000fc500000)
 ParOldGen       total 144896K, used 94005K [0x00000000e0000000, 0x00000000e8d80000, 0x00000000f5580000)
  object space 144896K, 64% used [0x00000000e0000000,0x00000000e5bcd640,0x00000000e8d80000)
 Metaspace       used 114364K, capacity 124180K, committed 124888K, reserved 1157120K
  class space    used 13760K, capacity 16669K, committed 16856K, reserved 1048576K
Event: 1890.072 GC heap after
Heap after GC invocations=97 (full 34):
 PSYoungGen      total 114176K, used 3204K [0x00000000f5580000, 0x00000000ff280000, 0x0000000100000000)
  eden space 71680K, 0% used [0x00000000f5580000,0x00000000f5580000,0x00000000f9b80000)
  from space 42496K, 7% used [0x00000000f9b80000,0x00000000f9ea1220,0x00000000fc500000)
  to   space 40448K, 0% used [0x00000000fcb00000,0x00000000fcb00000,0x00000000ff280000)
 ParOldGen       total 144896K, used 100517K [0x00000000e0000000, 0x00000000e8d80000, 0x00000000f5580000)
  object space 144896K, 69% used [0x00000000e0000000,0x00000000e6229790,0x00000000e8d80000)
 Metaspace       used 114364K, capacity 124180K, committed 124888K, reserved 1157120K
  class space    used 13760K, capacity 16669K, committed 16856K, reserved 1048576K
}
Event: 1890.072 GC heap before
{Heap before GC invocations=98 (full 35):
 PSYoungGen      total 114176K, used 3204K [0x00000000f5580000, 0x00000000ff280000, 0x0000000100000000)
  eden space 71680K, 0% used [0x00000000f5580000,0x00000000f5580000,0x00000000f9b80000)
  from space 42496K, 7% used [0x00000000f9b80000,0x00000000f9ea1220,0x00000000fc500000)
  to   space 40448K, 0% used [0x00000000fcb00000,0x00000000fcb00000,0x00000000ff280000)
 ParOldGen       total 144896K, used 100517K [0x00000000e0000000, 0x00000000e8d80000, 0x00000000f5580000)
  object space 144896K, 69% used [0x00000000e0000000,0x00000000e6229790,0x00000000e8d80000)
 Metaspace       used 114364K, capacity 124180K, committed 124888K, reserved 1157120K
  class space    used 13760K, capacity 16669K, committed 16856K, reserved 1048576K
Event: 1890.513 GC heap after
Heap after GC invocations=98 (full 35):
 PSYoungGen      total 114176K, used 0K [0x00000000f5580000, 0x00000000ff280000, 0x0000000100000000)
  eden space 71680K, 0% used [0x00000000f5580000,0x00000000f5580000,0x00000000f9b80000)
  from space 42496K, 0% used [0x00000000f9b80000,0x00000000f9b80000,0x00000000fc500000)
  to   space 40448K, 0% used [0x00000000fcb00000,0x00000000fcb00000,0x00000000ff280000)
 ParOldGen       total 144896K, used 100965K [0x00000000e0000000, 0x00000000e8d80000, 0x00000000f5580000)
  object space 144896K, 69% used [0x00000000e0000000,0x00000000e62995b0,0x00000000e8d80000)
 Metaspace       used 114364K, capacity 124180K, committed 124888K, reserved 1157120K
  class space    used 13760K, capacity 16669K, committed 16856K, reserved 1048576K
}

